<?xml version="1.0" encoding="utf-8"?><testsuites><testsuite name="pytest" errors="0" failures="0" skipped="0" tests="37" time="3.291" timestamp="2026-06-16T19:43:58.108913+08:00" hostname="LAPTOP-O84V0E8C"><properties>
[...]
</properties><testcase classname="unit.test_member_service" name="test_healthz_and_readyz" time="0.035" /><testcase classname="unit.test_member_service" name="test_get_member_masks_phone" time="0.014" /><testcase classname="unit.test_member_service" name="test_unknown_member_returns_404" time="0.013" /><testcase classname="unit.test_member_service" name="test_get_benefits_calculates_next_level_points" time="0.014" /><testcase classname="unit.test_member_service" name="test_next_level_points_never_negative" time="0.013" /><testcase classname="unit.test_member_service" name="test_redeem_coupon_decreases_coupon_count" time="0.014" /><testcase classname="unit.test_member_service" name="test_redeem_coupon_until_none_then_conflict" time="0.031" /><testcase classname="unit.test_member_service" name="test_member_with_zero_coupon_cannot_redeem" time="0.013" /><testcase classname="unit.test_member_service" name="test_update_marketing_consent[True]" time="0.013" /><testcase classname="unit.test_member_service" name="test_update_marketing_consent[False]" time="0.013" /><testcase classname="unit.test_member_service" name="test_invalid_marketing_consent_payload_returns_422" time="0.014" /><testcase classname="unit.test_member_service" name="test_metrics_endpoint_exposes_prometheus_text" time="0.020" /><testcase classname="unit.test_reservation_service" name="test_healthz_and_readyz" time="0.020" /><testcase classname="unit.test_reservation_service" name="test_create_reservation_returns_confirmed_status" time="0.018" /><testcase classname="unit.test_reservation_service" name="test_get_reservation_after_create" time="0.021" /><testcase classname="unit.test_reservation_service" name="test_unknown_reservation_returns_404" time="0.014" /><testcase classname="unit.test_reservation_service" name="test_invalid_party_size_returns_422[0]" time="0.015" /><testcase classname="unit.test_reservation_service" name="test_invalid_party_size_returns_422[9]" time="0.017" /><testcase classname="unit.test_reservation_service" name="test_invalid_party_size_returns_422[-1]" time="0.019" /><testcase classname="unit.test_reservation_service" name="test_party_size_boundaries_are_allowed" time="0.024" /><testcase classname="unit.test_reservation_service" name="test_checkin_changes_status" time="0.021" /><testcase classname="unit.test_reservation_service" name="test_cancel_changes_status" time="0.021" /><testcase classname="unit.test_reservation_service" name="test_cancelled_reservation_cannot_checkin" time="0.024" /><testcase classname="unit.test_reservation_service" name="test_checked_in_reservation_cannot_cancel" time="0.026" /><testcase classname="unit.test_reservation_service" name="test_trace_id_header_is_returned" time="0.016" /><testcase classname="unit.test_reservation_service" name="test_metrics_endpoint_exposes_prometheus_text" time="0.013" /><testcase classname="property.test_member_properties" name="test_next_level_points_is_never_negative" time="0.591" /><testcase classname="property.test_member_properties" name="test_coupon_redeem_never_produces_negative_count" time="0.366" /><testcase classname="property.test_reservation_properties" name="test_valid_party_size_is_accepted" time="0.065" /><testcase classname="property.test_reservation_properties" name="test_invalid_party_size_is_rejected" time="0.523" /><testcase classname="property.test_reservation_properties" name="test_special_request_round_trip" time="0.723" /><testcase classname="integration.test_api_journeys" name="test_reservation_create_lookup_cancel_journey" time="0.027" /><testcase classname="integration.test_api_journeys" name="test_member_benefit_coupon_consent_journey" time="0.028" /><testcase classname="integration.test_api_journeys" name="test_cross_service_smoke_health" time="0.034" /><testcase classname="integration.test_docker_compose_smoke" name="test_docker_compose_file_defines_required_services" time="0.001" /><testcase classname="contract.test_contracts" name="test_member_benefits_contract" time="0.013" /><testcase classname="contract.test_contracts" name="test_reservation_create_contract" time="0.019" /></testsuite></testsuites>